2024-12-10 22:44:20,092 : WARNING :_process_logs:  Problem reading geckodriver versions: error sending request for url (https://raw.githubusercontent.com/SeleniumHQ/selenium/trunk/common/geckodriver/geckodriver-support.json). Using latest geckodriver version
2024-12-10 22:44:27,707 : INFO :test_bankapp_url_001:  Testcase test_bankapp_url_001 is started
2024-12-10 22:44:27,707 : INFO :test_bankapp_url_001:  Opening the Bank Application URL-->https://apps.credence.in/ 
2024-12-10 22:44:33,637 : INFO :test_bankapp_url_001:  Checking the Bank Application Title-->Bank Application
2024-12-10 22:44:33,659 : INFO :test_bankapp_url_001:  Taking screenshot
2024-12-10 22:44:33,909 : INFO :test_bankapp_url_001:  Testcase test_bankapp_url_001 is passed

2024-12-10 22:51:40,048 : INFO :test_bankapp_url_001:  Testcase test_bankapp_url_001 is started
2024-12-10 22:51:40,049 : INFO :test_bankapp_url_001:  Opening the Bank Application URL-->https://apps.credence.in/ 
2024-12-10 22:51:43,228 : INFO :test_bankapp_url_001:  Checking the Bank Application Title-->Bank Application
2024-12-10 22:51:43,234 : INFO :test_bankapp_url_001:  Taking screenshot
2024-12-10 22:51:43,786 : INFO :test_bankapp_url_001:  Testcase test_bankapp_url_001 is passed

2024-12-18 16:07:34,613 : INFO :test_bankapp_url_001:  Testcase test_bankapp_url_001 is started
2024-12-18 16:07:34,613 : INFO :test_bankapp_url_001:  Opening the Bank Application URL-->https://apps.credence.in/ 
2024-12-18 16:07:39,044 : INFO :test_bankapp_url_001:  Checking the Bank Application Title-->Bank Application
2024-12-18 16:07:39,057 : INFO :test_bankapp_url_001:  Taking screenshot
2024-12-18 16:07:39,551 : INFO :test_bankapp_url_001:  Testcase test_bankapp_url_001 is passed

2024-12-18 16:14:01,694 : INFO :test_bankapp_url_001:  Testcase test_bankapp_url_001 is started
2024-12-18 16:14:01,694 : INFO :test_bankapp_url_001:  Opening the Bank Application URL-->https://apps.credence.in/ 
2024-12-18 16:14:06,227 : INFO :test_bankapp_url_001:  Checking the Bank Application Title-->Bank Application
2024-12-18 16:14:06,247 : INFO :test_bankapp_url_001:  Taking screenshot
2024-12-18 16:14:06,746 : INFO :test_bankapp_url_001:  Testcase test_bankapp_url_001 is passed

2024-12-18 16:53:00,393 : INFO :test_bankapp_url_001:  Testcase test_bankapp_url_001 is started
2024-12-18 16:53:00,393 : INFO :test_bankapp_url_001:  Opening the Bank Application URL-->https://apps.credence.in/ 
2024-12-18 16:53:04,015 : INFO :test_bankapp_url_001:  Checking the Bank Application Title-->Bank Application
2024-12-18 16:53:04,027 : INFO :test_bankapp_url_001:  Taking screenshot
2024-12-18 16:53:04,451 : INFO :test_bankapp_url_001:  Testcase test_bankapp_url_001 is passed

